<?xml version="1.0" encoding="UTF-8"?>
<testng-results ignored="0" total="1" passed="1" failed="0" skipped="0">
  <reporter-output>
    <line>
      <![CDATA[Satting up report]]>
    </line>
    <line>
      <![CDATA[Satting complate]]>
    </line>
    <line>
      <![CDATA[Browser going to start]]>
    </line>
    <line>
      <![CDATA[Test about to end]]>
    </line>
    <line>
      <![CDATA[Test Complated << End >>]]>
    </line>
  </reporter-output>
  <suite started-at="2020-11-23T12:02:36 IST" name="Default suite" finished-at="2020-11-23T12:03:23 IST" duration-ms="46339">
    <groups>
    </groups>
    <test started-at="2020-11-23T12:02:36 IST" name="Default test" finished-at="2020-11-23T12:03:23 IST" duration-ms="46339">
      <class name="com.automation.testcase.LoginTest">
        <test-method is-config="true" signature="setUpSuit()[pri:0, instance:com.automation.testcase.LoginTest@4d910fd6]" started-at="2020-11-23T12:02:35 IST" name="setUpSuit" finished-at="2020-11-23T12:02:36 IST" duration-ms="1168" status="PASS">
          <reporter-output>
            <line>
              <![CDATA[Satting up report]]>
            </line>
            <line>
              <![CDATA[Satting complate]]>
            </line>
          </reporter-output>
        </test-method> <!-- setUpSuit -->
        <test-method is-config="true" signature="setup()[pri:0, instance:com.automation.testcase.LoginTest@4d910fd6]" started-at="2020-11-23T12:02:36 IST" name="setup" finished-at="2020-11-23T12:02:51 IST" duration-ms="14825" status="PASS">
          <reporter-output>
            <line>
              <![CDATA[Browser going to start]]>
            </line>
          </reporter-output>
        </test-method> <!-- setup -->
        <test-method signature="loginApp()[pri:0, instance:com.automation.testcase.LoginTest@4d910fd6]" started-at="2020-11-23T12:02:51 IST" name="loginApp" finished-at="2020-11-23T12:03:20 IST" duration-ms="28635" status="PASS">
          <reporter-output>
          </reporter-output>
        </test-method> <!-- loginApp -->
        <test-method is-config="true" signature="teardownMethod(org.testng.ITestResult)[pri:0, instance:com.automation.testcase.LoginTest@4d910fd6]" started-at="2020-11-23T12:03:20 IST" name="teardownMethod" finished-at="2020-11-23T12:03:22 IST" duration-ms="1696" status="PASS">
          <params>
            <param index="0">
              <value>
                <![CDATA[[TestResult name=loginApp status=SUCCESS method=LoginTest.loginApp()[pri:0, instance:com.automation.testcase.LoginTest@4d910fd6] output={null}]]]>
              </value>
            </param>
          </params>
          <reporter-output>
            <line>
              <![CDATA[Test about to end]]>
            </line>
            <line>
              <![CDATA[Test Complated << End >>]]>
            </line>
          </reporter-output>
        </test-method> <!-- teardownMethod -->
        <test-method is-config="true" signature="teardown()[pri:0, instance:com.automation.testcase.LoginTest@4d910fd6]" started-at="2020-11-23T12:03:22 IST" name="teardown" finished-at="2020-11-23T12:03:23 IST" duration-ms="1104" status="PASS">
          <reporter-output>
          </reporter-output>
        </test-method> <!-- teardown -->
      </class> <!-- com.automation.testcase.LoginTest -->
    </test> <!-- Default test -->
  </suite> <!-- Default suite -->
</testng-results>
